<?xml version="1.0" encoding="UTF-8"?>
<testsuite xmlns:xsi="http://www.w3.org/2001/XMLSchema-instance" xsi:noNamespaceSchemaLocation="https://maven.apache.org/surefire/maven-surefire-plugin/xsd/surefire-test-report.xsd" version="3.0.2" name="TestSuite" time="15.121" tests="4" errors="0" skipped="0" failures="0">
  <properties>
[...]
</properties>
  <testcase name="testCreateUser" classname="api.test.UserTests" time="5.703">
    <system-out><![CDATA[==== Test Suite Started ====
{
    "code": 200,
    "type": "unknown",
    "message": "1023"
}
]]></system-out>
    <system-err><![CDATA[SLF4J: Failed to load class "org.slf4j.impl.StaticLoggerBinder".
SLF4J: Defaulting to no-operation (NOP) logger implementation
SLF4J: See http://www.slf4j.org/codes.html#StaticLoggerBinder for further details.
]]></system-err>
  </testcase>
  <testcase name="testGetUser" classname="api.test.UserTests" time="1.853">
    <system-out><![CDATA[{
    "id": 1023,
    "username": "sd1023",
    "firstName": "Ssd",
    "lastName": "Ddas",
    "email": "a@mail.com",
    "password": "1234",
    "phone": "9832",
    "userStatus": 0
}
sd1023
]]></system-out>
  </testcase>
  <testcase name="testUpdateUser" classname="api.test.UserTests" time="3.336">
    <system-out><![CDATA[{
    "code": 200,
    "type": "unknown",
    "message": "1023"
}
{
    "id": 1023,
    "username": "sd1023",
    "firstName": "Ssd",
    "lastName": "Ddas",
    "email": "a@mail.com",
    "password": "1234",
    "phone": "9832",
    "userStatus": 0
}
]]></system-out>
  </testcase>
  <testcase name="testDeleteUser" classname="api.test.UserTests" time="1.634">
    <system-out><![CDATA[200
]]></system-out>
  </testcase>
</testsuite>