<?xml version="1.0" encoding="UTF-8"?>
<testng-results ignored="0" total="4" passed="4" failed="0" skipped="0">
  <reporter-output>
  </reporter-output>
  <suite started-at="2025-11-07T03:04:35 IST" name="PetSuite" finished-at="2025-11-07T03:04:48 IST" duration-ms="13039">
    <groups>
    </groups>
    <test started-at="2025-11-07T03:04:35 IST" name="PetTests" finished-at="2025-11-07T03:04:48 IST" duration-ms="13039">
      <class name="api.test.UserTests">
        <test-method signature="testCreateUser()[pri:1, instance:api.test.UserTests@31368b99]" started-at="2025-11-07T03:04:35 IST" name="testCreateUser" finished-at="2025-11-07T03:04:41 IST" duration-ms="5703" status="PASS">
          <reporter-output>
          </reporter-output>
        </test-method> <!-- testCreateUser -->
        <test-method signature="testGetUser()[pri:2, instance:api.test.UserTests@31368b99]" started-at="2025-11-07T03:04:41 IST" name="testGetUser" finished-at="2025-11-07T03:04:43 IST" duration-ms="1858" status="PASS">
          <reporter-output>
          </reporter-output>
        </test-method> <!-- testGetUser -->
        <test-method signature="testUpdateUser()[pri:3, instance:api.test.UserTests@31368b99]" started-at="2025-11-07T03:04:43 IST" name="testUpdateUser" finished-at="2025-11-07T03:04:46 IST" duration-ms="3332" status="PASS">
          <reporter-output>
          </reporter-output>
        </test-method> <!-- testUpdateUser -->
        <test-method signature="testDeleteUser()[pri:4, instance:api.test.UserTests@31368b99]" started-at="2025-11-07T03:04:46 IST" name="testDeleteUser" finished-at="2025-11-07T03:04:48 IST" duration-ms="1621" status="PASS">
          <reporter-output>
          </reporter-output>
        </test-method> <!-- testDeleteUser -->
      </class> <!-- api.test.UserTests -->
    </test> <!-- PetTests -->
  </suite> <!-- PetSuite -->
</testng-results>
