<?xml version="1.0" encoding="UTF-8"?>
<!-- Generated by org.testng.reporters.JUnitXMLReporter -->
<testsuite ignored="0" hostname="DESKTOP-96JHSD8" failures="1" tests="4" name="PetTests" time="12.764" errors="0" timestamp="2025-11-03T01:46:11 IST">
  <testcase classname="api.test.UserTests" name="testCreateUser" time="5.711"/>
  <testcase classname="api.test.UserTests" name="testGetUser" time="1.725"/>
  <testcase classname="api.test.UserTests" name="testUpdateUser" time="3.226"/>
  <testcase classname="api.test.UserTests" name="testDeleteUser" time="1.56">
    <failure type="java.lang.AssertionError" message="expected [200] but found [404]">
      <![CDATA[java.lang.AssertionError: expected [200] but found [404]
at api.test.UserTests.testDeleteUser(UserTests.java:69)
at java.base/java.util.ArrayList.forEach(ArrayList.java:1596)
... Removed 36 stack frames]]>
    </failure>
  </testcase> <!-- testDeleteUser -->
</testsuite> <!-- PetTests -->
