<?xml version="1.0" encoding="UTF-8"?>
<!-- Generated by org.testng.reporters.JUnitReportReporter -->
<testsuite hostname="DESKTOP-96JHSD8" failures="0" tests="4" name="api.test.UserTests" time="12.514" errors="0" timestamp="2025-11-07T03:04:49 IST" skipped="0">
  <testcase classname="api.test.UserTests" name="testCreateUser" time="5.703"/>
  <testcase classname="api.test.UserTests" name="testGetUser" time="1.858"/>
  <testcase classname="api.test.UserTests" name="testUpdateUser" time="3.332"/>
  <testcase classname="api.test.UserTests" name="testDeleteUser" time="1.621"/>
</testsuite> <!-- api.test.UserTests -->
