<?xml version="1.0" encoding="UTF-8"?>
<!-- Generated by org.testng.reporters.JUnitXMLReporter -->
<testsuite ignored="0" hostname="DESKTOP-96JHSD8" failures="0" tests="4" name="PetTests" time="12.988" errors="0" timestamp="2025-10-28T03:33:55 IST">
  <testcase classname="api.test.UserTests" name="testCreateUser" time="5.841"/>
  <testcase classname="api.test.UserTests" name="testGetUser" time="1.693"/>
  <testcase classname="api.test.UserTests" name="testUpdateUser" time="3.116"/>
  <testcase classname="api.test.UserTests" name="testDeleteUser" time="1.612"/>
</testsuite> <!-- PetTests -->
